2025-07-18 00:11:30 INFO  CabBookingPageTest:284 - Executing TC_OCB_10
2025-07-18 00:11:32 INFO  CabBookingPageTest:297 - TC_OCB_10 completed.
2025-07-18 00:11:34 INFO  CabBookingPageTest:387 - Executing TC_OCB_14
2025-07-18 00:11:48 INFO  CabBookingPageTest:405 - TC_OCB_14 completed.
2025-07-18 00:11:49 INFO  CabBookingPageTest:30 - Executing TC_OCB_01
2025-07-18 00:12:05 INFO  CabBookingPageTest:51 - TC_OCB_01 completed.
2025-07-18 00:12:07 INFO  CabBookingPageTest:57 - Executing TC_OCB_02
2025-07-18 00:12:19 INFO  CabBookingPageTest:83 - TC_OCB_02 completed.
2025-07-18 00:12:21 INFO  CabBookingPageTest:89 - Executing TC_OCB_03
2025-07-18 00:12:29 INFO  CabBookingPageTest:110 - TC_OCB_03 completed.
2025-07-18 00:12:30 INFO  CabBookingPageTest:116 - Executing TC_OCB_04
2025-07-18 00:12:37 INFO  CabBookingPageTest:137 - TC_OCB_04 completed.
2025-07-18 00:12:38 INFO  CabBookingPageTest:143 - Executing TC_OCB_05
2025-07-18 00:12:46 INFO  CabBookingPageTest:171 - TC_OCB_05 completed.
2025-07-18 00:12:47 INFO  CabBookingPageTest:192 - Executing TC_OCB_06
2025-07-18 00:12:55 INFO  CabBookingPageTest:212 - TC_OCB_06 completed.
2025-07-18 00:12:56 INFO  CabBookingPageTest:218 - Executing TC_OCB_07
2025-07-18 00:13:08 INFO  CabBookingPageTest:238 - TC_OCB_07 completed.
2025-07-18 00:13:08 INFO  CabBookingPageTest:244 - Executing TC_OCB_08
2025-07-18 00:13:13 INFO  CabBookingPageTest:258 - TC_OCB_08 completed.
2025-07-18 00:13:13 INFO  CabBookingPageTest:264 - Executing TC_OCB_09
2025-07-18 00:13:17 INFO  CabBookingPageTest:278 - TC_OCB_09 completed.
2025-07-18 00:13:18 INFO  CabBookingPageTest:303 - Executing TC_OCB_11
2025-07-18 00:13:20 INFO  CabBookingPageTest:328 - TC_OCB_11 completed.
2025-07-18 00:13:22 INFO  CabBookingPageTest:334 - Executing TC_OCB_12
2025-07-18 00:13:30 INFO  CabBookingPageTest:357 - TC_OCB_12 completed.
2025-07-18 00:13:37 INFO  CabBookingPageTest:363 - Executing TC_OCB_13
2025-07-18 00:13:45 INFO  CabBookingPageTest:381 - TC_OCB_13 completed.
2025-07-18 00:13:46 INFO  CabBookingPageTest:411 - Executing TC_OCB_15
2025-07-18 00:13:49 INFO  CabBookingPageTest:424 - TC_OCB_15 completed.
2025-07-18 00:14:07 INFO  HotelBookingTest:23 - Executing TC_HB_01
2025-07-18 00:14:10 INFO  HotelBookingTest:55 - Executing TC_HB_02
2025-07-18 00:14:16 INFO  HotelBookingTest:98 - Executing TC_HB_03
2025-07-18 00:14:18 INFO  HotelBookingTest:122 - Executing TC_HB_04
2025-07-18 00:14:20 INFO  HotelBookingTest:143 - Executing TC_HB_05
2025-07-18 00:14:35 INFO  GiftCardPageTest:37 - Executing TC_GC_02: Multiple recipients error test.
2025-07-18 00:14:49 INFO  GiftCardPageTest:59 - Executing TC_GC_03: Recipient form error test.
2025-07-18 00:14:57 INFO  GiftCardPageTest:19 - Executing TC_GC_01: Invalid sender email test.
2025-07-18 00:15:02 ERROR GiftCardPageTest:27 - Sender Email Error: Please enter a valid Email id.
2025-07-18 00:16:04 INFO  CabBookingPageTest:284 - Executing TC_OCB_10
2025-07-18 00:16:07 INFO  CabBookingPageTest:297 - TC_OCB_10 completed.
2025-07-18 00:16:10 INFO  CabBookingPageTest:387 - Executing TC_OCB_14
2025-07-18 00:16:26 INFO  CabBookingPageTest:405 - TC_OCB_14 completed.
2025-07-18 00:16:27 INFO  CabBookingPageTest:30 - Executing TC_OCB_01
2025-07-18 00:16:38 INFO  CabBookingPageTest:51 - TC_OCB_01 completed.
2025-07-18 00:16:40 INFO  CabBookingPageTest:57 - Executing TC_OCB_02
2025-07-18 00:16:49 INFO  CabBookingPageTest:83 - TC_OCB_02 completed.
2025-07-18 00:16:50 INFO  CabBookingPageTest:89 - Executing TC_OCB_03
2025-07-18 00:16:59 INFO  CabBookingPageTest:110 - TC_OCB_03 completed.
2025-07-18 00:17:00 INFO  CabBookingPageTest:116 - Executing TC_OCB_04
2025-07-18 00:17:09 INFO  CabBookingPageTest:137 - TC_OCB_04 completed.
2025-07-18 00:17:10 INFO  CabBookingPageTest:143 - Executing TC_OCB_05
2025-07-18 00:17:18 INFO  CabBookingPageTest:171 - TC_OCB_05 completed.
2025-07-18 00:17:19 INFO  CabBookingPageTest:192 - Executing TC_OCB_06
2025-07-18 00:17:28 INFO  CabBookingPageTest:212 - TC_OCB_06 completed.
2025-07-18 00:17:29 INFO  CabBookingPageTest:218 - Executing TC_OCB_07
2025-07-18 00:17:41 INFO  CabBookingPageTest:238 - TC_OCB_07 completed.
2025-07-18 00:17:42 INFO  CabBookingPageTest:244 - Executing TC_OCB_08
2025-07-18 00:17:46 INFO  CabBookingPageTest:258 - TC_OCB_08 completed.
2025-07-18 00:17:47 INFO  CabBookingPageTest:264 - Executing TC_OCB_09
2025-07-18 00:17:51 INFO  CabBookingPageTest:278 - TC_OCB_09 completed.
2025-07-18 00:17:52 INFO  CabBookingPageTest:303 - Executing TC_OCB_11
2025-07-18 00:17:54 INFO  CabBookingPageTest:328 - TC_OCB_11 completed.
2025-07-18 00:17:55 INFO  CabBookingPageTest:334 - Executing TC_OCB_12
2025-07-18 00:18:03 INFO  CabBookingPageTest:357 - TC_OCB_12 completed.
2025-07-18 00:18:04 INFO  CabBookingPageTest:363 - Executing TC_OCB_13
2025-07-18 00:18:15 INFO  CabBookingPageTest:381 - TC_OCB_13 completed.
2025-07-18 00:18:16 INFO  CabBookingPageTest:411 - Executing TC_OCB_15
2025-07-18 00:18:19 INFO  CabBookingPageTest:424 - TC_OCB_15 completed.
2025-07-18 00:18:33 INFO  HotelBookingTest:23 - Executing TC_HB_01
2025-07-18 00:18:36 INFO  HotelBookingTest:55 - Executing TC_HB_02
2025-07-18 00:18:46 INFO  HotelBookingTest:98 - Executing TC_HB_03
2025-07-18 00:18:49 INFO  HotelBookingTest:122 - Executing TC_HB_04
2025-07-18 00:18:51 INFO  HotelBookingTest:143 - Executing TC_HB_05
2025-07-18 00:19:06 INFO  GiftCardPageTest:37 - Executing TC_GC_02: Multiple recipients error test.
2025-07-18 00:19:18 INFO  GiftCardPageTest:59 - Executing TC_GC_03: Recipient form error test.
2025-07-18 00:19:27 INFO  GiftCardPageTest:19 - Executing TC_GC_01: Invalid sender email test.
2025-07-18 00:19:30 ERROR GiftCardPageTest:27 - Sender Email Error: Please enter a valid Email id.
2025-07-18 00:23:30 INFO  CabBookingPageTest:284 - Executing TC_OCB_10
2025-07-18 00:23:32 INFO  CabBookingPageTest:284 - Executing TC_OCB_10
2025-07-18 00:23:33 INFO  CabBookingPageTest:297 - TC_OCB_10 completed.
2025-07-18 00:23:39 INFO  CabBookingPageTest:387 - Executing TC_OCB_14
2025-07-18 00:23:39 INFO  CabBookingPageTest:387 - Executing TC_OCB_14
2025-07-18 00:23:55 INFO  GiftCardPageTest:37 - Executing TC_GC_02: Multiple recipients error test.
2025-07-18 00:23:59 INFO  CabBookingPageTest:405 - TC_OCB_14 completed.
2025-07-18 00:24:16 INFO  GiftCardPageTest:37 - Executing TC_GC_02: Multiple recipients error test.
2025-07-18 00:24:33 INFO  HotelBookingTest:23 - Executing TC_HB_01
2025-07-18 00:24:39 INFO  CabBookingPageTest:30 - Executing TC_OCB_01
2025-07-18 00:24:43 INFO  GiftCardPageTest:59 - Executing TC_GC_03: Recipient form error test.
2025-07-18 00:24:56 INFO  HotelBookingTest:23 - Executing TC_HB_01
2025-07-18 00:25:03 INFO  CabBookingPageTest:30 - Executing TC_OCB_01
2025-07-18 00:25:06 INFO  HotelBookingTest:55 - Executing TC_HB_02
2025-07-18 00:25:17 INFO  GiftCardPageTest:59 - Executing TC_GC_03: Recipient form error test.
2025-07-18 00:25:25 INFO  HotelBookingTest:55 - Executing TC_HB_02
2025-07-18 00:25:27 INFO  CabBookingPageTest:57 - Executing TC_OCB_02
2025-07-18 00:25:32 INFO  GiftCardPageTest:19 - Executing TC_GC_01: Invalid sender email test.
2025-07-18 00:25:44 INFO  CabBookingPageTest:57 - Executing TC_OCB_02
2025-07-18 00:25:48 INFO  GiftCardPageTest:19 - Executing TC_GC_01: Invalid sender email test.
2025-07-18 00:25:51 INFO  HotelBookingTest:98 - Executing TC_HB_03
2025-07-18 00:25:55 INFO  CabBookingPageTest:89 - Executing TC_OCB_03
2025-07-18 00:26:03 INFO  HotelBookingTest:98 - Executing TC_HB_03
2025-07-18 00:26:04 INFO  HotelBookingTest:122 - Executing TC_HB_04
2025-07-18 00:26:07 INFO  CabBookingPageTest:89 - Executing TC_OCB_03
2025-07-18 00:26:09 INFO  CabBookingPageTest:116 - Executing TC_OCB_04
2025-07-18 00:26:11 INFO  HotelBookingTest:122 - Executing TC_HB_04
2025-07-18 00:26:12 INFO  HotelBookingTest:143 - Executing TC_HB_05
2025-07-18 00:26:14 INFO  CabBookingPageTest:116 - Executing TC_OCB_04
2025-07-18 00:26:18 INFO  HotelBookingTest:143 - Executing TC_HB_05
2025-07-18 00:26:26 INFO  CabBookingPageTest:143 - Executing TC_OCB_05
2025-07-18 00:26:30 INFO  CabBookingPageTest:192 - Executing TC_OCB_06
2025-07-18 00:26:30 INFO  CabBookingPageTest:143 - Executing TC_OCB_05
2025-07-18 00:26:33 INFO  CabBookingPageTest:192 - Executing TC_OCB_06
2025-07-18 00:26:35 INFO  CabBookingPageTest:218 - Executing TC_OCB_07
2025-07-18 00:26:37 INFO  CabBookingPageTest:218 - Executing TC_OCB_07
2025-07-18 00:26:39 INFO  CabBookingPageTest:244 - Executing TC_OCB_08
2025-07-18 00:26:41 INFO  CabBookingPageTest:244 - Executing TC_OCB_08
2025-07-18 00:26:44 INFO  CabBookingPageTest:264 - Executing TC_OCB_09
2025-07-18 00:26:44 INFO  CabBookingPageTest:264 - Executing TC_OCB_09
2025-07-18 00:26:48 INFO  CabBookingPageTest:303 - Executing TC_OCB_11
2025-07-18 00:26:49 INFO  CabBookingPageTest:303 - Executing TC_OCB_11
2025-07-18 00:26:53 INFO  CabBookingPageTest:334 - Executing TC_OCB_12
2025-07-18 00:26:54 INFO  CabBookingPageTest:334 - Executing TC_OCB_12
2025-07-18 00:26:57 INFO  CabBookingPageTest:363 - Executing TC_OCB_13
2025-07-18 00:26:59 INFO  CabBookingPageTest:363 - Executing TC_OCB_13
2025-07-18 00:27:01 INFO  CabBookingPageTest:411 - Executing TC_OCB_15
2025-07-18 00:27:03 INFO  CabBookingPageTest:411 - Executing TC_OCB_15
